  Cake.cpp
  CakeMaker.cpp
  CarouselOfCakes.cpp
C:\Users\Patricia\Desktop\Proiect POO\Project1\Project1\CarouselOfCakes.cpp(35,20): warning C4018: '<': signed/unsigned mismatch
C:\Users\Patricia\Desktop\Proiect POO\Project1\Project1\CarouselOfCakes.cpp(50,20): warning C4018: '<': signed/unsigned mismatch
C:\Users\Patricia\Desktop\Proiect POO\Project1\Project1\CarouselOfCakes.cpp(64,20): warning C4018: '<': signed/unsigned mismatch
C:\Users\Patricia\Desktop\Proiect POO\Project1\Project1\CarouselOfCakes.cpp(66,90): warning C4018: '<=': signed/unsigned mismatch
C:\Users\Patricia\Desktop\Proiect POO\Project1\Project1\CarouselOfCakes.cpp(66,157): warning C4018: '<=': signed/unsigned mismatch
C:\Users\Patricia\Desktop\Proiect POO\Project1\Project1\CarouselOfCakes.cpp(75,20): warning C4018: '<': signed/unsigned mismatch
  CommandPanel.cpp
C:\Users\Patricia\Desktop\Proiect POO\Project1\Project1\CommandPanel.cpp(10,29): warning C4018: '<=': signed/unsigned mismatch
C:\Users\Patricia\Desktop\Proiect POO\Project1\Project1\CommandPanel.cpp(24,20): warning C4018: '<': signed/unsigned mismatch
  CommandTaker.cpp
C:\Users\Patricia\Desktop\Proiect POO\Project1\Project1\CommandTaker.cpp(23,29): warning C4018: '<=': signed/unsigned mismatch
  Main.cpp
C:\Users\Patricia\Desktop\Proiect POO\Project1\Project1\Main.cpp(215,12): warning C4101: 'z': unreferenced local variable
  RecipeCake.cpp
  Generating Code...
C:\Users\Patricia\Desktop\Proiect POO\Project1\Project1\CommandPanel.cpp(30): warning C4715: 'CommandPanel::checkNames': not all control paths return a value
C:\Users\Patricia\Desktop\Proiect POO\Project1\Project1\CarouselOfCakes.cpp(71): warning C4715: 'CarouselOfCakes::checkCarouselOfCakes': not all control paths return a value
C:\Users\Patricia\Desktop\Proiect POO\Project1\Project1\CarouselOfCakes.cpp(81): warning C4715: 'CarouselOfCakes::checkNames': not all control paths return a value
  Project1.vcxproj -> C:\Users\Patricia\Desktop\Proiect POO\Project1\Debug\Project1.exe
